[16-Nov-2022 11:06:58 UTC] PHP Warning:  copy(/home/it_idol_dev/Projects/var/www/html/it_idol_new/wp-admin/includes/update-core.php): failed to open stream: Permission denied in /home/it_idol_dev/Projects/var/www/html/it_idol_new/wp-admin/includes/class-wp-filesystem-direct.php on line 309
[17-Nov-2022 08:18:29 UTC] PHP Warning:  Illegal offset type in /home/it_idol_dev/Projects/var/www/html/it_idol_new/wp-includes/class-wp-customize-manager.php on line 4068
[17-Nov-2022 08:18:29 UTC] PHP Notice:  Trying to get property 'title' of non-object in /home/it_idol_dev/Projects/var/www/html/it_idol_new/wp-includes/class-wp-customize-widgets.php on line 899
[17-Nov-2022 08:18:32 UTC] PHP Warning:  Illegal offset type in /home/it_idol_dev/Projects/var/www/html/it_idol_new/wp-includes/class-wp-customize-manager.php on line 4068
[17-Nov-2022 08:19:32 UTC] PHP Warning:  Illegal offset type in /home/it_idol_dev/Projects/var/www/html/it_idol_new/wp-includes/class-wp-customize-manager.php on line 4068
[17-Nov-2022 08:20:33 UTC] PHP Warning:  Illegal offset type in /home/it_idol_dev/Projects/var/www/html/it_idol_new/wp-includes/class-wp-customize-manager.php on line 4068
[17-Nov-2022 08:21:33 UTC] PHP Warning:  Illegal offset type in /home/it_idol_dev/Projects/var/www/html/it_idol_new/wp-includes/class-wp-customize-manager.php on line 4068
[17-Nov-2022 08:23:34 UTC] PHP Warning:  Illegal offset type in /home/it_idol_dev/Projects/var/www/html/it_idol_new/wp-includes/class-wp-customize-manager.php on line 4068
[17-Nov-2022 08:25:35 UTC] PHP Warning:  Illegal offset type in /home/it_idol_dev/Projects/var/www/html/it_idol_new/wp-includes/class-wp-customize-manager.php on line 4068
[17-Nov-2022 08:27:35 UTC] PHP Warning:  Illegal offset type in /home/it_idol_dev/Projects/var/www/html/it_idol_new/wp-includes/class-wp-customize-manager.php on line 4068
[17-Nov-2022 08:29:36 UTC] PHP Warning:  Illegal offset type in /home/it_idol_dev/Projects/var/www/html/it_idol_new/wp-includes/class-wp-customize-manager.php on line 4068
[17-Nov-2022 09:02:37 UTC] PHP Warning:  Illegal offset type in /home/it_idol_dev/Projects/var/www/html/it_idol_new/wp-includes/class-wp-customize-manager.php on line 4068
[17-Nov-2022 09:02:40 UTC] PHP Warning:  Illegal offset type in /home/it_idol_dev/Projects/var/www/html/it_idol_new/wp-includes/class-wp-customize-manager.php on line 4068
[18-Nov-2022 12:02:59 UTC] PHP Notice:  Undefined variable: page_no in /home/it_idol_dev/Projects/var/www/html/it_idol_new/wp-content/themes/it_idol/templates/template-blog.php on line 129
[18-Nov-2022 12:02:59 UTC] PHP Notice:  Undefined variable: page_no in /home/it_idol_dev/Projects/var/www/html/it_idol_new/wp-content/themes/it_idol/templates/template-blog.php on line 207
[18-Nov-2022 13:24:33 UTC] PHP Notice:  Undefined variable: page_no in /home/it_idol_dev/Projects/var/www/html/it_idol_new/wp-content/themes/it_idol/templates/template-blog.php on line 129
[18-Nov-2022 13:24:33 UTC] PHP Notice:  Undefined variable: page_no in /home/it_idol_dev/Projects/var/www/html/it_idol_new/wp-content/themes/it_idol/templates/template-blog.php on line 207
[19-Nov-2022 04:20:30 UTC] PHP Notice:  Undefined variable: post_id in /home/it_idol_dev/Projects/var/www/html/it_idol_new/wp-content/themes/it_idol/single-blog.php on line 6
[19-Nov-2022 04:20:30 UTC] PHP Notice:  Undefined variable: large_image_url in /home/it_idol_dev/Projects/var/www/html/it_idol_new/wp-content/themes/it_idol/single-blog.php on line 23
[19-Nov-2022 04:20:30 UTC] PHP Notice:  Undefined variable: query in /home/it_idol_dev/Projects/var/www/html/it_idol_new/wp-content/themes/it_idol/single-blog.php on line 108
[19-Nov-2022 04:20:30 UTC] PHP Notice:  Trying to get property 'post' of non-object in /home/it_idol_dev/Projects/var/www/html/it_idol_new/wp-content/themes/it_idol/single-blog.php on line 108
[19-Nov-2022 04:20:30 UTC] PHP Notice:  Trying to get property 'ID' of non-object in /home/it_idol_dev/Projects/var/www/html/it_idol_new/wp-content/themes/it_idol/single-blog.php on line 108
[19-Nov-2022 04:20:30 UTC] PHP Notice:  Undefined variable: query in /home/it_idol_dev/Projects/var/www/html/it_idol_new/wp-content/themes/it_idol/single-blog.php on line 108
[19-Nov-2022 04:20:30 UTC] PHP Notice:  Trying to get property 'post' of non-object in /home/it_idol_dev/Projects/var/www/html/it_idol_new/wp-content/themes/it_idol/single-blog.php on line 108
[19-Nov-2022 04:20:30 UTC] PHP Notice:  Trying to get property 'ID' of non-object in /home/it_idol_dev/Projects/var/www/html/it_idol_new/wp-content/themes/it_idol/single-blog.php on line 108
[19-Nov-2022 04:20:55 UTC] PHP Notice:  Undefined variable: page_no in /home/it_idol_dev/Projects/var/www/html/it_idol_new/wp-content/themes/it_idol/templates/template-blog.php on line 129
[19-Nov-2022 04:20:55 UTC] PHP Notice:  Undefined variable: page_no in /home/it_idol_dev/Projects/var/www/html/it_idol_new/wp-content/themes/it_idol/templates/template-blog.php on line 207
[19-Nov-2022 04:21:00 UTC] PHP Notice:  Undefined variable: post_id in /home/it_idol_dev/Projects/var/www/html/it_idol_new/wp-content/themes/it_idol/single-blog.php on line 6
[19-Nov-2022 04:21:00 UTC] PHP Notice:  Undefined variable: large_image_url in /home/it_idol_dev/Projects/var/www/html/it_idol_new/wp-content/themes/it_idol/single-blog.php on line 23
[19-Nov-2022 04:21:00 UTC] PHP Notice:  Undefined variable: query in /home/it_idol_dev/Projects/var/www/html/it_idol_new/wp-content/themes/it_idol/single-blog.php on line 108
[19-Nov-2022 04:21:00 UTC] PHP Notice:  Trying to get property 'post' of non-object in /home/it_idol_dev/Projects/var/www/html/it_idol_new/wp-content/themes/it_idol/single-blog.php on line 108
[19-Nov-2022 04:21:00 UTC] PHP Notice:  Trying to get property 'ID' of non-object in /home/it_idol_dev/Projects/var/www/html/it_idol_new/wp-content/themes/it_idol/single-blog.php on line 108
[19-Nov-2022 04:21:00 UTC] PHP Notice:  Undefined variable: query in /home/it_idol_dev/Projects/var/www/html/it_idol_new/wp-content/themes/it_idol/single-blog.php on line 108
[19-Nov-2022 04:21:00 UTC] PHP Notice:  Trying to get property 'post' of non-object in /home/it_idol_dev/Projects/var/www/html/it_idol_new/wp-content/themes/it_idol/single-blog.php on line 108
[19-Nov-2022 04:21:00 UTC] PHP Notice:  Trying to get property 'ID' of non-object in /home/it_idol_dev/Projects/var/www/html/it_idol_new/wp-content/themes/it_idol/single-blog.php on line 108
[19-Nov-2022 04:28:31 UTC] PHP Notice:  Undefined variable: page_no in /home/it_idol_dev/Projects/var/www/html/it_idol_new/wp-content/themes/it_idol/templates/template-blog.php on line 129
[19-Nov-2022 04:28:31 UTC] PHP Notice:  Undefined variable: page_no in /home/it_idol_dev/Projects/var/www/html/it_idol_new/wp-content/themes/it_idol/templates/template-blog.php on line 207
[21-Nov-2022 05:04:18 UTC] PHP Notice:  Undefined variable: page_no in /home/it_idol_dev/Projects/var/www/html/it_idol_new/wp-content/themes/it_idol/templates/template-blog.php on line 129
[21-Nov-2022 05:04:18 UTC] PHP Notice:  Undefined variable: page_no in /home/it_idol_dev/Projects/var/www/html/it_idol_new/wp-content/themes/it_idol/templates/template-blog.php on line 207
[21-Nov-2022 05:12:08 UTC] PHP Warning:  Illegal offset type in /home/it_idol_dev/Projects/var/www/html/it_idol_new/wp-includes/class-wp-customize-manager.php on line 4068
[21-Nov-2022 05:12:08 UTC] PHP Notice:  Trying to get property 'title' of non-object in /home/it_idol_dev/Projects/var/www/html/it_idol_new/wp-includes/class-wp-customize-widgets.php on line 899
[21-Nov-2022 05:12:10 UTC] PHP Warning:  Illegal offset type in /home/it_idol_dev/Projects/var/www/html/it_idol_new/wp-includes/class-wp-customize-manager.php on line 4068
[21-Nov-2022 05:13:11 UTC] PHP Warning:  Illegal offset type in /home/it_idol_dev/Projects/var/www/html/it_idol_new/wp-includes/class-wp-customize-manager.php on line 4068
[21-Nov-2022 05:15:10 UTC] PHP Warning:  Illegal offset type in /home/it_idol_dev/Projects/var/www/html/it_idol_new/wp-includes/class-wp-customize-manager.php on line 4068
[21-Nov-2022 05:17:11 UTC] PHP Warning:  Illegal offset type in /home/it_idol_dev/Projects/var/www/html/it_idol_new/wp-includes/class-wp-customize-manager.php on line 4068
[21-Nov-2022 05:17:13 UTC] PHP Warning:  Illegal offset type in /home/it_idol_dev/Projects/var/www/html/it_idol_new/wp-includes/class-wp-customize-manager.php on line 4068
[21-Nov-2022 05:17:25 UTC] PHP Warning:  Illegal offset type in /home/it_idol_dev/Projects/var/www/html/it_idol_new/wp-includes/class-wp-customize-manager.php on line 4068
[21-Nov-2022 05:17:29 UTC] PHP Warning:  Illegal offset type in /home/it_idol_dev/Projects/var/www/html/it_idol_new/wp-includes/class-wp-customize-manager.php on line 4068
[21-Nov-2022 05:17:29 UTC] PHP Notice:  Trying to get property 'post_type' of non-object in /home/it_idol_dev/Projects/var/www/html/it_idol_new/wp-content/themes/it_idol/functions.php on line 1147
[21-Nov-2022 05:17:37 UTC] PHP Warning:  Illegal offset type in /home/it_idol_dev/Projects/var/www/html/it_idol_new/wp-includes/class-wp-customize-manager.php on line 4068
[21-Nov-2022 05:17:37 UTC] PHP Notice:  Trying to get property 'title' of non-object in /home/it_idol_dev/Projects/var/www/html/it_idol_new/wp-includes/class-wp-customize-widgets.php on line 899
[21-Nov-2022 05:17:40 UTC] PHP Warning:  Illegal offset type in /home/it_idol_dev/Projects/var/www/html/it_idol_new/wp-includes/class-wp-customize-manager.php on line 4068
[21-Nov-2022 05:18:39 UTC] PHP Warning:  Illegal offset type in /home/it_idol_dev/Projects/var/www/html/it_idol_new/wp-includes/class-wp-customize-manager.php on line 4068
[21-Nov-2022 05:20:28 UTC] PHP Warning:  Illegal offset type in /home/it_idol_dev/Projects/var/www/html/it_idol_new/wp-includes/class-wp-customize-manager.php on line 4068
[21-Nov-2022 05:20:32 UTC] PHP Warning:  Illegal offset type in /home/it_idol_dev/Projects/var/www/html/it_idol_new/wp-includes/class-wp-customize-manager.php on line 4068
[21-Nov-2022 05:20:37 UTC] PHP Warning:  Illegal offset type in /home/it_idol_dev/Projects/var/www/html/it_idol_new/wp-includes/class-wp-customize-manager.php on line 4068
[21-Nov-2022 05:40:34 UTC] PHP Warning:  Illegal offset type in /home/it_idol_dev/Projects/var/www/html/it_idol_new/wp-includes/class-wp-customize-manager.php on line 4068
[21-Nov-2022 05:40:35 UTC] PHP Notice:  Trying to get property 'title' of non-object in /home/it_idol_dev/Projects/var/www/html/it_idol_new/wp-includes/class-wp-customize-widgets.php on line 899
[21-Nov-2022 05:40:36 UTC] PHP Warning:  Illegal offset type in /home/it_idol_dev/Projects/var/www/html/it_idol_new/wp-includes/class-wp-customize-manager.php on line 4068
[21-Nov-2022 05:40:51 UTC] PHP Warning:  Illegal offset type in /home/it_idol_dev/Projects/var/www/html/it_idol_new/wp-includes/class-wp-customize-manager.php on line 4068
[21-Nov-2022 05:41:25 UTC] PHP Warning:  Illegal offset type in /home/it_idol_dev/Projects/var/www/html/it_idol_new/wp-includes/class-wp-customize-manager.php on line 4068
[21-Nov-2022 05:41:26 UTC] PHP Warning:  Illegal offset type in /home/it_idol_dev/Projects/var/www/html/it_idol_new/wp-includes/class-wp-customize-manager.php on line 4068
[21-Nov-2022 05:41:26 UTC] PHP Notice:  Trying to get property 'post_type' of non-object in /home/it_idol_dev/Projects/var/www/html/it_idol_new/wp-content/themes/it_idol/functions.php on line 1147
[21-Nov-2022 05:41:36 UTC] PHP Warning:  Illegal offset type in /home/it_idol_dev/Projects/var/www/html/it_idol_new/wp-includes/class-wp-customize-manager.php on line 4068
[21-Nov-2022 05:43:38 UTC] PHP Warning:  Illegal offset type in /home/it_idol_dev/Projects/var/www/html/it_idol_new/wp-includes/class-wp-customize-manager.php on line 4068
[21-Nov-2022 05:45:37 UTC] PHP Warning:  Illegal offset type in /home/it_idol_dev/Projects/var/www/html/it_idol_new/wp-includes/class-wp-customize-manager.php on line 4068
[21-Nov-2022 06:04:10 UTC] PHP Notice:  Undefined variable: page_no in /home/it_idol_dev/Projects/var/www/html/it_idol_new/wp-content/themes/it_idol/templates/template-blog.php on line 129
[21-Nov-2022 06:04:10 UTC] PHP Notice:  Undefined variable: page_no in /home/it_idol_dev/Projects/var/www/html/it_idol_new/wp-content/themes/it_idol/templates/template-blog.php on line 207
[21-Nov-2022 06:04:40 UTC] PHP Notice:  Undefined variable: page_no in /home/it_idol_dev/Projects/var/www/html/it_idol_new/wp-content/themes/it_idol/templates/template-blog.php on line 129
[21-Nov-2022 06:04:40 UTC] PHP Notice:  Undefined variable: page_no in /home/it_idol_dev/Projects/var/www/html/it_idol_new/wp-content/themes/it_idol/templates/template-blog.php on line 207
